빌드 시작: 2018-01-21 오전 12:51:13
     1>2 노드의 "C:\Users\EomJaeWoong\Documents\Visual Studio 2013\Projects\NPacket\NPacket\NPacket.vcxproj" 프로젝트(Build 대상)입니다.
     1>ClCompile:
         C:\Program Files (x86)\Microsoft Visual Studio 12.0\VC\bin\x86_amd64\CL.exe /c /Zi /nologo /W3 /WX- /sdl /Od /Oi /GL /D WIN32 /D NDEBUG /D _CONSOLE /D _LIB /D _UNICODE /D UNICODE /Gm- /EHsc /MT /GS /Gy /fp:precise /Zc:wchar_t /Zc:forScope /Yc"stdafx.h" /Fp"x64\Release\NPacket.pch" /Fo"x64\Release\\" /Fd"x64\Release\vc120.pdb" /Gd /TP /errorReport:prompt stdafx.cpp
         stdafx.cpp
     1>c:\users\eomjaewoong\documents\visual studio 2013\projects\npacket\npacket\NPacket.h(245): warning C4244: '초기화 중' : '__int64'에서 'unsigned int'(으)로 변환하면서 데이터가 손실될 수 있습니다.
     1>c:\users\eomjaewoong\documents\visual studio 2013\projects\npacket\npacket\NPacket.h(247): warning C4018: '>' : signed 또는 unsigned가 일치하지 않습니다.
     1>c:\users\eomjaewoong\documents\visual studio 2013\projects\npacket\npacket\NPacket.h(257): warning C4244: '초기화 중' : '__int64'에서 'unsigned int'(으)로 변환하면서 데이터가 손실될 수 있습니다.
     1>c:\users\eomjaewoong\documents\visual studio 2013\projects\npacket\npacket\NPacket.h(259): warning C4018: '>' : signed 또는 unsigned가 일치하지 않습니다.
     1>c:\users\eomjaewoong\documents\visual studio 2013\projects\npacket\npacket\NPacket.h(374): warning C4267: '인수' : 'size_t'에서 'int'(으)로 변환하면서 데이터가 손실될 수 있습니다.
         C:\Program Files (x86)\Microsoft Visual Studio 12.0\VC\bin\x86_amd64\CL.exe /c /Zi /nologo /W3 /WX- /sdl /Od /Oi /GL /D WIN32 /D NDEBUG /D _CONSOLE /D _LIB /D _UNICODE /D UNICODE /Gm- /EHsc /MT /GS /Gy /fp:precise /Zc:wchar_t /Zc:forScope /Yu"stdafx.h" /Fp"x64\Release\NPacket.pch" /Fo"x64\Release\\" /Fd"x64\Release\vc120.pdb" /Gd /TP /errorReport:prompt NPacket.cpp
         NPacket.cpp
       Link:
         C:\Program Files (x86)\Microsoft Visual Studio 12.0\VC\bin\x86_amd64\link.exe /ERRORREPORT:PROMPT /OUT:"C:\Users\EomJaeWoong\Documents\Visual Studio 2013\Projects\NPacket\x64\Release\NPacket.exe" /INCREMENTAL:NO /NOLOGO kernel32.lib user32.lib gdi32.lib winspool.lib comdlg32.lib advapi32.lib shell32.lib ole32.lib oleaut32.lib uuid.lib odbc32.lib odbccp32.lib /MANIFEST /MANIFESTUAC:"level='asInvoker' uiAccess='false'" /manifest:embed /DEBUG /PDB:"C:\Users\EomJaeWoong\Documents\Visual Studio 2013\Projects\NPacket\x64\Release\NPacket.pdb" /SUBSYSTEM:CONSOLE /OPT:REF /OPT:ICF /LTCG /TLBID:1 /DYNAMICBASE /NXCOMPAT /IMPLIB:"C:\Users\EomJaeWoong\Documents\Visual Studio 2013\Projects\NPacket\x64\Release\NPacket.lib" /MACHINE:X64 x64\Release\NPacket.obj
         x64\Release\stdafx.obj
         코드를 생성하고 있습니다.
         코드를 생성했습니다.
         NPacket.vcxproj -> C:\Users\EomJaeWoong\Documents\Visual Studio 2013\Projects\NPacket\x64\Release\NPacket.exe
     1>"C:\Users\EomJaeWoong\Documents\Visual Studio 2013\Projects\NPacket\NPacket\NPacket.vcxproj" 프로젝트를 빌드했습니다(Build 대상).

빌드했습니다.

경과 시간: 00:00:02.57
